[2.906s] DEBUG:colcon:Command line arguments: ['/usr/bin/colcon', 'build']
[2.906s] DEBUG:colcon:Parsed command line arguments: Namespace(allow_overriding=[], ament_cmake_args=None, base_paths=['.'], build_base='build', catkin_cmake_args=None, catkin_skip_building_tests=False, cmake_args=None, cmake_clean_cache=False, cmake_clean_first=False, cmake_force_configure=False, cmake_target=None, cmake_target_skip_unavailable=False, continue_on_error=False, event_handlers=None, executor='parallel', ignore_user_meta=False, install_base='install', log_base=None, log_level=None, main=<bound method BuildVerb.main of <colcon_core.verb.build.BuildVerb object at 0x7f7dd33748>>, merge_install=False, metas=['./colcon.meta'], packages_above=None, packages_above_and_dependencies=None, packages_above_depth=None, packages_end=None, packages_ignore=None, packages_ignore_regex=None, packages_select=None, packages_select_build_failed=False, packages_select_by_dep=None, packages_select_regex=None, packages_select_test_failures=False, packages_skip=None, packages_skip_build_finished=False, packages_skip_by_dep=None, packages_skip_regex=None, packages_skip_test_passed=False, packages_skip_up_to=None, packages_start=None, packages_up_to=None, packages_up_to_regex=None, parallel_workers=4, paths=None, symlink_install=False, test_result_base=None, verb_extension=<colcon_core.verb.build.BuildVerb object at 0x7f7dd33748>, verb_name='build', verb_parser=<colcon_defaults.argument_parser.defaults.DefaultArgumentsDecorator object at 0x7f7dbf8160>)
[3.197s] Level 1:colcon.colcon_core.package_discovery:discover_packages(colcon_meta) check parameters
[3.198s] Level 1:colcon.colcon_core.package_discovery:discover_packages(recursive) check parameters
[3.198s] Level 1:colcon.colcon_core.package_discovery:discover_packages(ignore) check parameters
[3.198s] Level 1:colcon.colcon_core.package_discovery:discover_packages(path) check parameters
[3.198s] Level 1:colcon.colcon_core.package_discovery:discover_packages(colcon_meta) discover
[3.200s] Level 1:colcon.colcon_core.package_discovery:discover_packages(recursive) discover
[3.200s] INFO:colcon.colcon_core.package_discovery:Crawling recursively for packages in '/home/ece459/ECE459-Vehicle-Project/ros_comm/src'
[3.201s] Level 1:colcon.colcon_core.package_identification:_identify(.) by extensions ['ignore', 'ignore_ament_install']
[3.201s] Level 1:colcon.colcon_core.package_identification:_identify(.) by extension 'ignore'
[3.201s] Level 1:colcon.colcon_core.package_identification:_identify(.) by extension 'ignore_ament_install'
[3.202s] Level 1:colcon.colcon_core.package_identification:_identify(.) by extensions ['colcon_pkg']
[3.202s] Level 1:colcon.colcon_core.package_identification:_identify(.) by extension 'colcon_pkg'
[3.202s] Level 1:colcon.colcon_core.package_identification:_identify(.) by extensions ['colcon_meta']
[3.202s] Level 1:colcon.colcon_core.package_identification:_identify(.) by extension 'colcon_meta'
[3.203s] Level 1:colcon.colcon_core.package_identification:_identify(.) by extensions ['ros']
[3.203s] Level 1:colcon.colcon_core.package_identification:_identify(.) by extension 'ros'
[3.292s] Level 1:colcon.colcon_core.package_identification:_identify(.) by extensions ['cmake', 'python']
[3.293s] Level 1:colcon.colcon_core.package_identification:_identify(.) by extension 'cmake'
[3.293s] Level 1:colcon.colcon_core.package_identification:_identify(.) by extension 'python'
[3.293s] Level 1:colcon.colcon_core.package_identification:_identify(.) by extensions ['python_setup_py']
[3.294s] Level 1:colcon.colcon_core.package_identification:_identify(.) by extension 'python_setup_py'
[3.294s] Level 1:colcon.colcon_core.package_identification:_identify(build) by extensions ['ignore', 'ignore_ament_install']
[3.295s] Level 1:colcon.colcon_core.package_identification:_identify(build) by extension 'ignore'
[3.295s] Level 1:colcon.colcon_core.package_identification:_identify(build) ignored
[3.297s] Level 1:colcon.colcon_core.package_identification:_identify(computer_vision) by extensions ['ignore', 'ignore_ament_install']
[3.297s] Level 1:colcon.colcon_core.package_identification:_identify(computer_vision) by extension 'ignore'
[3.297s] Level 1:colcon.colcon_core.package_identification:_identify(computer_vision) by extension 'ignore_ament_install'
[3.298s] Level 1:colcon.colcon_core.package_identification:_identify(computer_vision) by extensions ['colcon_pkg']
[3.298s] Level 1:colcon.colcon_core.package_identification:_identify(computer_vision) by extension 'colcon_pkg'
[3.298s] Level 1:colcon.colcon_core.package_identification:_identify(computer_vision) by extensions ['colcon_meta']
[3.298s] Level 1:colcon.colcon_core.package_identification:_identify(computer_vision) by extension 'colcon_meta'
[3.299s] Level 1:colcon.colcon_core.package_identification:_identify(computer_vision) by extensions ['ros']
[3.299s] Level 1:colcon.colcon_core.package_identification:_identify(computer_vision) by extension 'ros'
[3.299s] Level 1:colcon.colcon_core.package_identification:_identify(computer_vision) by extensions ['cmake', 'python']
[3.299s] Level 1:colcon.colcon_core.package_identification:_identify(computer_vision) by extension 'cmake'
[3.300s] Level 1:colcon.colcon_core.package_identification:_identify(computer_vision) by extension 'python'
[3.300s] Level 1:colcon.colcon_core.package_identification:_identify(computer_vision) by extensions ['python_setup_py']
[3.300s] Level 1:colcon.colcon_core.package_identification:_identify(computer_vision) by extension 'python_setup_py'
[3.301s] Level 1:colcon.colcon_core.package_identification:_identify(control) by extensions ['ignore', 'ignore_ament_install']
[3.301s] Level 1:colcon.colcon_core.package_identification:_identify(control) by extension 'ignore'
[3.301s] Level 1:colcon.colcon_core.package_identification:_identify(control) by extension 'ignore_ament_install'
[3.302s] Level 1:colcon.colcon_core.package_identification:_identify(control) by extensions ['colcon_pkg']
[3.302s] Level 1:colcon.colcon_core.package_identification:_identify(control) by extension 'colcon_pkg'
[3.302s] Level 1:colcon.colcon_core.package_identification:_identify(control) by extensions ['colcon_meta']
[3.302s] Level 1:colcon.colcon_core.package_identification:_identify(control) by extension 'colcon_meta'
[3.303s] Level 1:colcon.colcon_core.package_identification:_identify(control) by extensions ['ros']
[3.303s] Level 1:colcon.colcon_core.package_identification:_identify(control) by extension 'ros'
[3.303s] Level 1:colcon.colcon_core.package_identification:_identify(control) by extensions ['cmake', 'python']
[3.303s] Level 1:colcon.colcon_core.package_identification:_identify(control) by extension 'cmake'
[3.304s] Level 1:colcon.colcon_core.package_identification:_identify(control) by extension 'python'
[3.304s] Level 1:colcon.colcon_core.package_identification:_identify(control) by extensions ['python_setup_py']
[3.304s] Level 1:colcon.colcon_core.package_identification:_identify(control) by extension 'python_setup_py'
[3.305s] Level 1:colcon.colcon_core.package_identification:_identify(esp) by extensions ['ignore', 'ignore_ament_install']
[3.305s] Level 1:colcon.colcon_core.package_identification:_identify(esp) by extension 'ignore'
[3.305s] Level 1:colcon.colcon_core.package_identification:_identify(esp) by extension 'ignore_ament_install'
[3.306s] Level 1:colcon.colcon_core.package_identification:_identify(esp) by extensions ['colcon_pkg']
[3.306s] Level 1:colcon.colcon_core.package_identification:_identify(esp) by extension 'colcon_pkg'
[3.306s] Level 1:colcon.colcon_core.package_identification:_identify(esp) by extensions ['colcon_meta']
[3.306s] Level 1:colcon.colcon_core.package_identification:_identify(esp) by extension 'colcon_meta'
[3.306s] Level 1:colcon.colcon_core.package_identification:_identify(esp) by extensions ['ros']
[3.307s] Level 1:colcon.colcon_core.package_identification:_identify(esp) by extension 'ros'
[3.307s] Level 1:colcon.colcon_core.package_identification:_identify(esp) by extensions ['cmake', 'python']
[3.307s] Level 1:colcon.colcon_core.package_identification:_identify(esp) by extension 'cmake'
[3.307s] Level 1:colcon.colcon_core.package_identification:_identify(esp) by extension 'python'
[3.308s] Level 1:colcon.colcon_core.package_identification:_identify(esp) by extensions ['python_setup_py']
[3.308s] Level 1:colcon.colcon_core.package_identification:_identify(esp) by extension 'python_setup_py'
[3.308s] Level 1:colcon.colcon_core.package_identification:_identify(install) by extensions ['ignore', 'ignore_ament_install']
[3.309s] Level 1:colcon.colcon_core.package_identification:_identify(install) by extension 'ignore'
[3.309s] Level 1:colcon.colcon_core.package_identification:_identify(install) ignored
[3.309s] Level 1:colcon.colcon_core.package_identification:_identify(log) by extensions ['ignore', 'ignore_ament_install']
[3.310s] Level 1:colcon.colcon_core.package_identification:_identify(log) by extension 'ignore'
[3.310s] Level 1:colcon.colcon_core.package_identification:_identify(log) ignored
[3.310s] Level 1:colcon.colcon_core.package_identification:_identify(perception) by extensions ['ignore', 'ignore_ament_install']
[3.311s] Level 1:colcon.colcon_core.package_identification:_identify(perception) by extension 'ignore'
[3.311s] Level 1:colcon.colcon_core.package_identification:_identify(perception) by extension 'ignore_ament_install'
[3.312s] Level 1:colcon.colcon_core.package_identification:_identify(perception) by extensions ['colcon_pkg']
[3.312s] Level 1:colcon.colcon_core.package_identification:_identify(perception) by extension 'colcon_pkg'
[3.312s] Level 1:colcon.colcon_core.package_identification:_identify(perception) by extensions ['colcon_meta']
[3.312s] Level 1:colcon.colcon_core.package_identification:_identify(perception) by extension 'colcon_meta'
[3.312s] Level 1:colcon.colcon_core.package_identification:_identify(perception) by extensions ['ros']
[3.313s] Level 1:colcon.colcon_core.package_identification:_identify(perception) by extension 'ros'
[3.313s] Level 1:colcon.colcon_core.package_identification:_identify(perception) by extensions ['cmake', 'python']
[3.313s] Level 1:colcon.colcon_core.package_identification:_identify(perception) by extension 'cmake'
[3.313s] Level 1:colcon.colcon_core.package_identification:_identify(perception) by extension 'python'
[3.314s] Level 1:colcon.colcon_core.package_identification:_identify(perception) by extensions ['python_setup_py']
[3.314s] Level 1:colcon.colcon_core.package_identification:_identify(perception) by extension 'python_setup_py'
[3.314s] Level 1:colcon.colcon_core.package_discovery:discover_packages(recursive) using defaults
[3.315s] Level 1:colcon.colcon_core.package_discovery:discover_packages(ignore) discover
[3.315s] Level 1:colcon.colcon_core.package_discovery:discover_packages(ignore) using defaults
[3.315s] Level 1:colcon.colcon_core.package_discovery:discover_packages(path) discover
[3.316s] Level 1:colcon.colcon_core.package_discovery:discover_packages(path) using defaults
[3.474s] Level 1:colcon.colcon_core.package_discovery:discover_packages(prefix_path) check parameters
[3.475s] Level 1:colcon.colcon_core.package_discovery:discover_packages(prefix_path) discover
[3.495s] DEBUG:colcon.colcon_installed_package_information.package_discovery:Found 215 installed packages in /opt/ros/dashing
[3.504s] Level 1:colcon.colcon_core.package_discovery:discover_packages(prefix_path) using defaults
[3.855s] INFO:colcon.colcon_core.executor:Executing jobs using 'parallel' executor
[3.859s] DEBUG:colcon.colcon_parallel_executor.executor.parallel:run_until_complete
[3.859s] DEBUG:colcon.colcon_parallel_executor.executor.parallel:closing loop
[3.860s] DEBUG:colcon.colcon_parallel_executor.executor.parallel:loop closed
[3.860s] DEBUG:colcon.colcon_parallel_executor.executor.parallel:run_until_complete finished with '0'
[3.860s] DEBUG:colcon.colcon_core.event_reactor:joining thread
[3.894s] INFO:colcon.colcon_core.plugin_system:Skipping extension 'colcon_notification.desktop_notification.terminal_notifier': Not used on non-Darwin systems
[3.895s] INFO:colcon.colcon_core.plugin_system:Skipping extension 'colcon_notification.desktop_notification.win32': Not used on non-Windows systems
[3.895s] INFO:colcon.colcon_notification.desktop_notification:Sending desktop notification using 'notify2'
[3.951s] DEBUG:colcon.colcon_notification.desktop_notification.notify2:Failed to initialize notify2: org.freedesktop.DBus.Error.Spawn.ChildExited: Process org.freedesktop.Notifications exited with status 1
[3.952s] DEBUG:colcon.colcon_core.event_reactor:joined thread
[3.975s] INFO:colcon.colcon_core.plugin_system:Skipping extension 'colcon_core.shell.bat': Not used on non-Windows systems
[3.976s] INFO:colcon.colcon_core.shell:Creating prefix script '/home/ece459/ECE459-Vehicle-Project/ros_comm/src/install/local_setup.ps1'
[3.983s] INFO:colcon.colcon_core.shell:Creating prefix util module '/home/ece459/ECE459-Vehicle-Project/ros_comm/src/install/_local_setup_util_ps1.py'
[3.992s] INFO:colcon.colcon_core.shell:Creating prefix chain script '/home/ece459/ECE459-Vehicle-Project/ros_comm/src/install/setup.ps1'
[4.003s] INFO:colcon.colcon_core.shell:Creating prefix script '/home/ece459/ECE459-Vehicle-Project/ros_comm/src/install/local_setup.sh'
[4.006s] INFO:colcon.colcon_core.shell:Creating prefix util module '/home/ece459/ECE459-Vehicle-Project/ros_comm/src/install/_local_setup_util_sh.py'
[4.008s] INFO:colcon.colcon_core.shell:Creating prefix chain script '/home/ece459/ECE459-Vehicle-Project/ros_comm/src/install/setup.sh'
[4.015s] INFO:colcon.colcon_core.shell:Creating prefix script '/home/ece459/ECE459-Vehicle-Project/ros_comm/src/install/local_setup.bash'
[4.018s] INFO:colcon.colcon_core.shell:Creating prefix chain script '/home/ece459/ECE459-Vehicle-Project/ros_comm/src/install/setup.bash'
[4.024s] INFO:colcon.colcon_core.shell:Creating prefix script '/home/ece459/ECE459-Vehicle-Project/ros_comm/src/install/local_setup.zsh'
[4.028s] INFO:colcon.colcon_core.shell:Creating prefix chain script '/home/ece459/ECE459-Vehicle-Project/ros_comm/src/install/setup.zsh'
