[1.655s] DEBUG:colcon:Command line arguments: ['/usr/bin/colcon', 'build']
[1.655s] DEBUG:colcon:Parsed command line arguments: Namespace(allow_overriding=[], ament_cmake_args=None, base_paths=['.'], build_base='build', catkin_cmake_args=None, catkin_skip_building_tests=False, cmake_args=None, cmake_clean_cache=False, cmake_clean_first=False, cmake_force_configure=False, cmake_target=None, cmake_target_skip_unavailable=False, continue_on_error=False, event_handlers=None, executor='parallel', ignore_user_meta=False, install_base='install', log_base=None, log_level=None, main=<bound method BuildVerb.main of <colcon_core.verb.build.BuildVerb object at 0x7fb1819748>>, merge_install=False, metas=['./colcon.meta'], packages_above=None, packages_above_and_dependencies=None, packages_above_depth=None, packages_end=None, packages_ignore=None, packages_ignore_regex=None, packages_select=None, packages_select_build_failed=False, packages_select_by_dep=None, packages_select_regex=None, packages_select_test_failures=False, packages_skip=None, packages_skip_build_finished=False, packages_skip_by_dep=None, packages_skip_regex=None, packages_skip_test_passed=False, packages_skip_up_to=None, packages_start=None, packages_up_to=None, packages_up_to_regex=None, parallel_workers=4, paths=None, symlink_install=False, test_result_base=None, verb_extension=<colcon_core.verb.build.BuildVerb object at 0x7fb1819748>, verb_name='build', verb_parser=<colcon_defaults.argument_parser.defaults.DefaultArgumentsDecorator object at 0x7fb16de160>)
[1.793s] Level 1:colcon.colcon_core.package_discovery:discover_packages(colcon_meta) check parameters
[1.793s] Level 1:colcon.colcon_core.package_discovery:discover_packages(recursive) check parameters
[1.794s] Level 1:colcon.colcon_core.package_discovery:discover_packages(ignore) check parameters
[1.794s] Level 1:colcon.colcon_core.package_discovery:discover_packages(path) check parameters
[1.794s] Level 1:colcon.colcon_core.package_discovery:discover_packages(colcon_meta) discover
[1.795s] Level 1:colcon.colcon_core.package_discovery:discover_packages(recursive) discover
[1.796s] INFO:colcon.colcon_core.package_discovery:Crawling recursively for packages in '/home/ece459/ECE459-Vehicle-Project'
[1.796s] Level 1:colcon.colcon_core.package_identification:_identify(.) by extensions ['ignore', 'ignore_ament_install']
[1.797s] Level 1:colcon.colcon_core.package_identification:_identify(.) by extension 'ignore'
[1.797s] Level 1:colcon.colcon_core.package_identification:_identify(.) by extension 'ignore_ament_install'
[1.797s] Level 1:colcon.colcon_core.package_identification:_identify(.) by extensions ['colcon_pkg']
[1.797s] Level 1:colcon.colcon_core.package_identification:_identify(.) by extension 'colcon_pkg'
[1.798s] Level 1:colcon.colcon_core.package_identification:_identify(.) by extensions ['colcon_meta']
[1.798s] Level 1:colcon.colcon_core.package_identification:_identify(.) by extension 'colcon_meta'
[1.798s] Level 1:colcon.colcon_core.package_identification:_identify(.) by extensions ['ros']
[1.798s] Level 1:colcon.colcon_core.package_identification:_identify(.) by extension 'ros'
[1.858s] Level 1:colcon.colcon_core.package_identification:_identify(.) by extensions ['cmake', 'python']
[1.858s] Level 1:colcon.colcon_core.package_identification:_identify(.) by extension 'cmake'
[1.859s] Level 1:colcon.colcon_core.package_identification:_identify(.) by extension 'python'
[1.859s] Level 1:colcon.colcon_core.package_identification:_identify(.) by extensions ['python_setup_py']
[1.859s] Level 1:colcon.colcon_core.package_identification:_identify(.) by extension 'python_setup_py'
[1.860s] Level 1:colcon.colcon_core.package_identification:_identify(build) by extensions ['ignore', 'ignore_ament_install']
[1.860s] Level 1:colcon.colcon_core.package_identification:_identify(build) by extension 'ignore'
[1.861s] Level 1:colcon.colcon_core.package_identification:_identify(build) ignored
[1.862s] Level 1:colcon.colcon_core.package_identification:_identify(esp_control) by extensions ['ignore', 'ignore_ament_install']
[1.863s] Level 1:colcon.colcon_core.package_identification:_identify(esp_control) by extension 'ignore'
[1.863s] Level 1:colcon.colcon_core.package_identification:_identify(esp_control) by extension 'ignore_ament_install'
[1.863s] Level 1:colcon.colcon_core.package_identification:_identify(esp_control) by extensions ['colcon_pkg']
[1.864s] Level 1:colcon.colcon_core.package_identification:_identify(esp_control) by extension 'colcon_pkg'
[1.864s] Level 1:colcon.colcon_core.package_identification:_identify(esp_control) by extensions ['colcon_meta']
[1.864s] Level 1:colcon.colcon_core.package_identification:_identify(esp_control) by extension 'colcon_meta'
[1.864s] Level 1:colcon.colcon_core.package_identification:_identify(esp_control) by extensions ['ros']
[1.864s] Level 1:colcon.colcon_core.package_identification:_identify(esp_control) by extension 'ros'
[1.865s] Level 1:colcon.colcon_core.package_identification:_identify(esp_control) by extensions ['cmake', 'python']
[1.865s] Level 1:colcon.colcon_core.package_identification:_identify(esp_control) by extension 'cmake'
[1.873s] Level 1:colcon.colcon_core.package_identification:_identify(esp_control) by extension 'python'
[1.873s] DEBUG:colcon.colcon_core.package_identification:Package 'esp_control' with type 'cmake' and name 'main'
[1.874s] Level 1:colcon.colcon_core.package_identification:_identify(install) by extensions ['ignore', 'ignore_ament_install']
[1.874s] Level 1:colcon.colcon_core.package_identification:_identify(install) by extension 'ignore'
[1.874s] Level 1:colcon.colcon_core.package_identification:_identify(install) ignored
[1.875s] Level 1:colcon.colcon_core.package_identification:_identify(log) by extensions ['ignore', 'ignore_ament_install']
[1.875s] Level 1:colcon.colcon_core.package_identification:_identify(log) by extension 'ignore'
[1.876s] Level 1:colcon.colcon_core.package_identification:_identify(log) ignored
[1.876s] Level 1:colcon.colcon_core.package_identification:_identify(ros_comm) by extensions ['ignore', 'ignore_ament_install']
[1.876s] Level 1:colcon.colcon_core.package_identification:_identify(ros_comm) by extension 'ignore'
[1.877s] Level 1:colcon.colcon_core.package_identification:_identify(ros_comm) by extension 'ignore_ament_install'
[1.877s] Level 1:colcon.colcon_core.package_identification:_identify(ros_comm) by extensions ['colcon_pkg']
[1.877s] Level 1:colcon.colcon_core.package_identification:_identify(ros_comm) by extension 'colcon_pkg'
[1.877s] Level 1:colcon.colcon_core.package_identification:_identify(ros_comm) by extensions ['colcon_meta']
[1.878s] Level 1:colcon.colcon_core.package_identification:_identify(ros_comm) by extension 'colcon_meta'
[1.878s] Level 1:colcon.colcon_core.package_identification:_identify(ros_comm) by extensions ['ros']
[1.878s] Level 1:colcon.colcon_core.package_identification:_identify(ros_comm) by extension 'ros'
[1.879s] Level 1:colcon.colcon_core.package_identification:_identify(ros_comm) by extensions ['cmake', 'python']
[1.879s] Level 1:colcon.colcon_core.package_identification:_identify(ros_comm) by extension 'cmake'
[1.879s] Level 1:colcon.colcon_core.package_identification:_identify(ros_comm) by extension 'python'
[1.879s] Level 1:colcon.colcon_core.package_identification:_identify(ros_comm) by extensions ['python_setup_py']
[1.879s] Level 1:colcon.colcon_core.package_identification:_identify(ros_comm) by extension 'python_setup_py'
[1.880s] Level 1:colcon.colcon_core.package_identification:_identify(ros_comm/config) by extensions ['ignore', 'ignore_ament_install']
[1.880s] Level 1:colcon.colcon_core.package_identification:_identify(ros_comm/config) by extension 'ignore'
[1.881s] Level 1:colcon.colcon_core.package_identification:_identify(ros_comm/config) by extension 'ignore_ament_install'
[1.881s] Level 1:colcon.colcon_core.package_identification:_identify(ros_comm/config) by extensions ['colcon_pkg']
[1.881s] Level 1:colcon.colcon_core.package_identification:_identify(ros_comm/config) by extension 'colcon_pkg'
[1.881s] Level 1:colcon.colcon_core.package_identification:_identify(ros_comm/config) by extensions ['colcon_meta']
[1.882s] Level 1:colcon.colcon_core.package_identification:_identify(ros_comm/config) by extension 'colcon_meta'
[1.882s] Level 1:colcon.colcon_core.package_identification:_identify(ros_comm/config) by extensions ['ros']
[1.882s] Level 1:colcon.colcon_core.package_identification:_identify(ros_comm/config) by extension 'ros'
[1.882s] Level 1:colcon.colcon_core.package_identification:_identify(ros_comm/config) by extensions ['cmake', 'python']
[1.883s] Level 1:colcon.colcon_core.package_identification:_identify(ros_comm/config) by extension 'cmake'
[1.883s] Level 1:colcon.colcon_core.package_identification:_identify(ros_comm/config) by extension 'python'
[1.883s] Level 1:colcon.colcon_core.package_identification:_identify(ros_comm/config) by extensions ['python_setup_py']
[1.883s] Level 1:colcon.colcon_core.package_identification:_identify(ros_comm/config) by extension 'python_setup_py'
[1.884s] Level 1:colcon.colcon_core.package_identification:_identify(ros_comm/esp) by extensions ['ignore', 'ignore_ament_install']
[1.884s] Level 1:colcon.colcon_core.package_identification:_identify(ros_comm/esp) by extension 'ignore'
[1.884s] Level 1:colcon.colcon_core.package_identification:_identify(ros_comm/esp) by extension 'ignore_ament_install'
[1.885s] Level 1:colcon.colcon_core.package_identification:_identify(ros_comm/esp) by extensions ['colcon_pkg']
[1.885s] Level 1:colcon.colcon_core.package_identification:_identify(ros_comm/esp) by extension 'colcon_pkg'
[1.885s] Level 1:colcon.colcon_core.package_identification:_identify(ros_comm/esp) by extensions ['colcon_meta']
[1.885s] Level 1:colcon.colcon_core.package_identification:_identify(ros_comm/esp) by extension 'colcon_meta'
[1.886s] Level 1:colcon.colcon_core.package_identification:_identify(ros_comm/esp) by extensions ['ros']
[1.886s] Level 1:colcon.colcon_core.package_identification:_identify(ros_comm/esp) by extension 'ros'
[1.886s] Level 1:colcon.colcon_core.package_identification:_identify(ros_comm/esp) by extensions ['cmake', 'python']
[1.886s] Level 1:colcon.colcon_core.package_identification:_identify(ros_comm/esp) by extension 'cmake'
[1.887s] Level 1:colcon.colcon_core.package_identification:_identify(ros_comm/esp) by extension 'python'
[1.887s] Level 1:colcon.colcon_core.package_identification:_identify(ros_comm/esp) by extensions ['python_setup_py']
[1.887s] Level 1:colcon.colcon_core.package_identification:_identify(ros_comm/esp) by extension 'python_setup_py'
[1.888s] Level 1:colcon.colcon_core.package_identification:_identify(ros_comm/launch) by extensions ['ignore', 'ignore_ament_install']
[1.888s] Level 1:colcon.colcon_core.package_identification:_identify(ros_comm/launch) by extension 'ignore'
[1.888s] Level 1:colcon.colcon_core.package_identification:_identify(ros_comm/launch) by extension 'ignore_ament_install'
[1.889s] Level 1:colcon.colcon_core.package_identification:_identify(ros_comm/launch) by extensions ['colcon_pkg']
[1.889s] Level 1:colcon.colcon_core.package_identification:_identify(ros_comm/launch) by extension 'colcon_pkg'
[1.889s] Level 1:colcon.colcon_core.package_identification:_identify(ros_comm/launch) by extensions ['colcon_meta']
[1.889s] Level 1:colcon.colcon_core.package_identification:_identify(ros_comm/launch) by extension 'colcon_meta'
[1.889s] Level 1:colcon.colcon_core.package_identification:_identify(ros_comm/launch) by extensions ['ros']
[1.890s] Level 1:colcon.colcon_core.package_identification:_identify(ros_comm/launch) by extension 'ros'
[1.890s] Level 1:colcon.colcon_core.package_identification:_identify(ros_comm/launch) by extensions ['cmake', 'python']
[1.890s] Level 1:colcon.colcon_core.package_identification:_identify(ros_comm/launch) by extension 'cmake'
[1.891s] Level 1:colcon.colcon_core.package_identification:_identify(ros_comm/launch) by extension 'python'
[1.891s] Level 1:colcon.colcon_core.package_identification:_identify(ros_comm/launch) by extensions ['python_setup_py']
[1.891s] Level 1:colcon.colcon_core.package_identification:_identify(ros_comm/launch) by extension 'python_setup_py'
[1.891s] Level 1:colcon.colcon_core.package_identification:_identify(ros_comm/src) by extensions ['ignore', 'ignore_ament_install']
[1.892s] Level 1:colcon.colcon_core.package_identification:_identify(ros_comm/src) by extension 'ignore'
[1.892s] Level 1:colcon.colcon_core.package_identification:_identify(ros_comm/src) by extension 'ignore_ament_install'
[1.892s] Level 1:colcon.colcon_core.package_identification:_identify(ros_comm/src) by extensions ['colcon_pkg']
[1.893s] Level 1:colcon.colcon_core.package_identification:_identify(ros_comm/src) by extension 'colcon_pkg'
[1.893s] Level 1:colcon.colcon_core.package_identification:_identify(ros_comm/src) by extensions ['colcon_meta']
[1.893s] Level 1:colcon.colcon_core.package_identification:_identify(ros_comm/src) by extension 'colcon_meta'
[1.893s] Level 1:colcon.colcon_core.package_identification:_identify(ros_comm/src) by extensions ['ros']
[1.893s] Level 1:colcon.colcon_core.package_identification:_identify(ros_comm/src) by extension 'ros'
[1.894s] Level 1:colcon.colcon_core.package_identification:_identify(ros_comm/src) by extensions ['cmake', 'python']
[1.894s] Level 1:colcon.colcon_core.package_identification:_identify(ros_comm/src) by extension 'cmake'
[1.894s] Level 1:colcon.colcon_core.package_identification:_identify(ros_comm/src) by extension 'python'
[1.895s] Level 1:colcon.colcon_core.package_identification:_identify(ros_comm/src) by extensions ['python_setup_py']
[1.895s] Level 1:colcon.colcon_core.package_identification:_identify(ros_comm/src) by extension 'python_setup_py'
[1.895s] Level 1:colcon.colcon_core.package_identification:_identify(ros_comm/src/build) by extensions ['ignore', 'ignore_ament_install']
[1.896s] Level 1:colcon.colcon_core.package_identification:_identify(ros_comm/src/build) by extension 'ignore'
[1.896s] Level 1:colcon.colcon_core.package_identification:_identify(ros_comm/src/build) ignored
[1.896s] Level 1:colcon.colcon_core.package_identification:_identify(ros_comm/src/computer_vision) by extensions ['ignore', 'ignore_ament_install']
[1.897s] Level 1:colcon.colcon_core.package_identification:_identify(ros_comm/src/computer_vision) by extension 'ignore'
[1.897s] Level 1:colcon.colcon_core.package_identification:_identify(ros_comm/src/computer_vision) by extension 'ignore_ament_install'
[1.897s] Level 1:colcon.colcon_core.package_identification:_identify(ros_comm/src/computer_vision) by extensions ['colcon_pkg']
[1.897s] Level 1:colcon.colcon_core.package_identification:_identify(ros_comm/src/computer_vision) by extension 'colcon_pkg'
[1.898s] Level 1:colcon.colcon_core.package_identification:_identify(ros_comm/src/computer_vision) by extensions ['colcon_meta']
[1.898s] Level 1:colcon.colcon_core.package_identification:_identify(ros_comm/src/computer_vision) by extension 'colcon_meta'
[1.898s] Level 1:colcon.colcon_core.package_identification:_identify(ros_comm/src/computer_vision) by extensions ['ros']
[1.898s] Level 1:colcon.colcon_core.package_identification:_identify(ros_comm/src/computer_vision) by extension 'ros'
[1.899s] Level 1:colcon.colcon_core.package_identification:_identify(ros_comm/src/computer_vision) by extensions ['cmake', 'python']
[1.899s] Level 1:colcon.colcon_core.package_identification:_identify(ros_comm/src/computer_vision) by extension 'cmake'
[1.899s] Level 1:colcon.colcon_core.package_identification:_identify(ros_comm/src/computer_vision) by extension 'python'
[1.899s] Level 1:colcon.colcon_core.package_identification:_identify(ros_comm/src/computer_vision) by extensions ['python_setup_py']
[1.900s] Level 1:colcon.colcon_core.package_identification:_identify(ros_comm/src/computer_vision) by extension 'python_setup_py'
[1.900s] Level 1:colcon.colcon_core.package_identification:_identify(ros_comm/src/control) by extensions ['ignore', 'ignore_ament_install']
[1.901s] Level 1:colcon.colcon_core.package_identification:_identify(ros_comm/src/control) by extension 'ignore'
[1.901s] Level 1:colcon.colcon_core.package_identification:_identify(ros_comm/src/control) by extension 'ignore_ament_install'
[1.901s] Level 1:colcon.colcon_core.package_identification:_identify(ros_comm/src/control) by extensions ['colcon_pkg']
[1.901s] Level 1:colcon.colcon_core.package_identification:_identify(ros_comm/src/control) by extension 'colcon_pkg'
[1.902s] Level 1:colcon.colcon_core.package_identification:_identify(ros_comm/src/control) by extensions ['colcon_meta']
[1.902s] Level 1:colcon.colcon_core.package_identification:_identify(ros_comm/src/control) by extension 'colcon_meta'
[1.902s] Level 1:colcon.colcon_core.package_identification:_identify(ros_comm/src/control) by extensions ['ros']
[1.902s] Level 1:colcon.colcon_core.package_identification:_identify(ros_comm/src/control) by extension 'ros'
[1.903s] Level 1:colcon.colcon_core.package_identification:_identify(ros_comm/src/control) by extensions ['cmake', 'python']
[1.903s] Level 1:colcon.colcon_core.package_identification:_identify(ros_comm/src/control) by extension 'cmake'
[1.903s] Level 1:colcon.colcon_core.package_identification:_identify(ros_comm/src/control) by extension 'python'
[1.903s] Level 1:colcon.colcon_core.package_identification:_identify(ros_comm/src/control) by extensions ['python_setup_py']
[1.903s] Level 1:colcon.colcon_core.package_identification:_identify(ros_comm/src/control) by extension 'python_setup_py'
[1.904s] Level 1:colcon.colcon_core.package_identification:_identify(ros_comm/src/esp) by extensions ['ignore', 'ignore_ament_install']
[1.904s] Level 1:colcon.colcon_core.package_identification:_identify(ros_comm/src/esp) by extension 'ignore'
[1.905s] Level 1:colcon.colcon_core.package_identification:_identify(ros_comm/src/esp) by extension 'ignore_ament_install'
[1.905s] Level 1:colcon.colcon_core.package_identification:_identify(ros_comm/src/esp) by extensions ['colcon_pkg']
[1.905s] Level 1:colcon.colcon_core.package_identification:_identify(ros_comm/src/esp) by extension 'colcon_pkg'
[1.905s] Level 1:colcon.colcon_core.package_identification:_identify(ros_comm/src/esp) by extensions ['colcon_meta']
[1.906s] Level 1:colcon.colcon_core.package_identification:_identify(ros_comm/src/esp) by extension 'colcon_meta'
[1.906s] Level 1:colcon.colcon_core.package_identification:_identify(ros_comm/src/esp) by extensions ['ros']
[1.906s] Level 1:colcon.colcon_core.package_identification:_identify(ros_comm/src/esp) by extension 'ros'
[1.906s] Level 1:colcon.colcon_core.package_identification:_identify(ros_comm/src/esp) by extensions ['cmake', 'python']
[1.907s] Level 1:colcon.colcon_core.package_identification:_identify(ros_comm/src/esp) by extension 'cmake'
[1.907s] Level 1:colcon.colcon_core.package_identification:_identify(ros_comm/src/esp) by extension 'python'
[1.907s] Level 1:colcon.colcon_core.package_identification:_identify(ros_comm/src/esp) by extensions ['python_setup_py']
[1.907s] Level 1:colcon.colcon_core.package_identification:_identify(ros_comm/src/esp) by extension 'python_setup_py'
[1.908s] Level 1:colcon.colcon_core.package_identification:_identify(ros_comm/src/install) by extensions ['ignore', 'ignore_ament_install']
[1.908s] Level 1:colcon.colcon_core.package_identification:_identify(ros_comm/src/install) by extension 'ignore'
[1.908s] Level 1:colcon.colcon_core.package_identification:_identify(ros_comm/src/install) ignored
[1.909s] Level 1:colcon.colcon_core.package_identification:_identify(ros_comm/src/log) by extensions ['ignore', 'ignore_ament_install']
[1.909s] Level 1:colcon.colcon_core.package_identification:_identify(ros_comm/src/log) by extension 'ignore'
[1.910s] Level 1:colcon.colcon_core.package_identification:_identify(ros_comm/src/log) ignored
[1.910s] Level 1:colcon.colcon_core.package_identification:_identify(ros_comm/src/perception) by extensions ['ignore', 'ignore_ament_install']
[1.910s] Level 1:colcon.colcon_core.package_identification:_identify(ros_comm/src/perception) by extension 'ignore'
[1.911s] Level 1:colcon.colcon_core.package_identification:_identify(ros_comm/src/perception) by extension 'ignore_ament_install'
[1.911s] Level 1:colcon.colcon_core.package_identification:_identify(ros_comm/src/perception) by extensions ['colcon_pkg']
[1.911s] Level 1:colcon.colcon_core.package_identification:_identify(ros_comm/src/perception) by extension 'colcon_pkg'
[1.911s] Level 1:colcon.colcon_core.package_identification:_identify(ros_comm/src/perception) by extensions ['colcon_meta']
[1.912s] Level 1:colcon.colcon_core.package_identification:_identify(ros_comm/src/perception) by extension 'colcon_meta'
[1.912s] Level 1:colcon.colcon_core.package_identification:_identify(ros_comm/src/perception) by extensions ['ros']
[1.912s] Level 1:colcon.colcon_core.package_identification:_identify(ros_comm/src/perception) by extension 'ros'
[1.913s] Level 1:colcon.colcon_core.package_identification:_identify(ros_comm/src/perception) by extensions ['cmake', 'python']
[1.913s] Level 1:colcon.colcon_core.package_identification:_identify(ros_comm/src/perception) by extension 'cmake'
[1.913s] Level 1:colcon.colcon_core.package_identification:_identify(ros_comm/src/perception) by extension 'python'
[1.913s] Level 1:colcon.colcon_core.package_identification:_identify(ros_comm/src/perception) by extensions ['python_setup_py']
[1.913s] Level 1:colcon.colcon_core.package_identification:_identify(ros_comm/src/perception) by extension 'python_setup_py'
[1.914s] Level 1:colcon.colcon_core.package_discovery:discover_packages(recursive) using defaults
[1.915s] Level 1:colcon.colcon_core.package_discovery:discover_packages(ignore) discover
[1.915s] Level 1:colcon.colcon_core.package_discovery:discover_packages(ignore) using defaults
[1.915s] Level 1:colcon.colcon_core.package_discovery:discover_packages(path) discover
[1.915s] Level 1:colcon.colcon_core.package_discovery:discover_packages(path) using defaults
[2.016s] Level 1:colcon.colcon_core.package_discovery:discover_packages(prefix_path) check parameters
[2.016s] Level 1:colcon.colcon_core.package_discovery:discover_packages(prefix_path) discover
[2.031s] DEBUG:colcon.colcon_installed_package_information.package_discovery:Found 215 installed packages in /opt/ros/dashing
[2.041s] Level 1:colcon.colcon_core.package_discovery:discover_packages(prefix_path) using defaults
[2.357s] Level 5:colcon.colcon_core.verb:set package 'main' build argument 'cmake_args' from command line to 'None'
[2.357s] Level 5:colcon.colcon_core.verb:set package 'main' build argument 'cmake_target' from command line to 'None'
[2.357s] Level 5:colcon.colcon_core.verb:set package 'main' build argument 'cmake_target_skip_unavailable' from command line to 'False'
[2.357s] Level 5:colcon.colcon_core.verb:set package 'main' build argument 'cmake_clean_cache' from command line to 'False'
[2.358s] Level 5:colcon.colcon_core.verb:set package 'main' build argument 'cmake_clean_first' from command line to 'False'
[2.358s] Level 5:colcon.colcon_core.verb:set package 'main' build argument 'cmake_force_configure' from command line to 'False'
[2.358s] Level 5:colcon.colcon_core.verb:set package 'main' build argument 'ament_cmake_args' from command line to 'None'
[2.358s] Level 5:colcon.colcon_core.verb:set package 'main' build argument 'catkin_cmake_args' from command line to 'None'
[2.358s] Level 5:colcon.colcon_core.verb:set package 'main' build argument 'catkin_skip_building_tests' from command line to 'False'
[2.359s] DEBUG:colcon.colcon_core.verb:Building package 'main' with the following arguments: {'ament_cmake_args': None, 'build_base': '/home/ece459/ECE459-Vehicle-Project/build/main', 'catkin_cmake_args': None, 'catkin_skip_building_tests': False, 'cmake_args': None, 'cmake_clean_cache': False, 'cmake_clean_first': False, 'cmake_force_configure': False, 'cmake_target': None, 'cmake_target_skip_unavailable': False, 'install_base': '/home/ece459/ECE459-Vehicle-Project/install/main', 'merge_install': False, 'path': '/home/ece459/ECE459-Vehicle-Project/esp_control', 'symlink_install': False, 'test_result_base': None}
[2.360s] INFO:colcon.colcon_core.executor:Executing jobs using 'parallel' executor
[2.364s] DEBUG:colcon.colcon_parallel_executor.executor.parallel:run_until_complete
[2.366s] INFO:colcon.colcon_cmake.task.cmake.build:Building CMake package in '/home/ece459/ECE459-Vehicle-Project/esp_control'
[2.381s] INFO:colcon.colcon_core.plugin_system:Skipping extension 'colcon_core.shell.bat': Not used on non-Windows systems
[2.383s] INFO:colcon.colcon_core.shell:Skip shell extension 'powershell' for command environment: Not usable outside of PowerShell
[2.383s] DEBUG:colcon.colcon_core.shell:Skip shell extension 'dsv' for command environment
[2.414s] DEBUG:colcon.colcon_core.event_handler.log_command:Invoking command in '/home/ece459/ECE459-Vehicle-Project/build/main': /usr/bin/cmake /home/ece459/ECE459-Vehicle-Project/esp_control -DCMAKE_INSTALL_PREFIX=/home/ece459/ECE459-Vehicle-Project/install/main
[2.549s] DEBUG:colcon.colcon_core.event_handler.log_command:Invoked command in '/home/ece459/ECE459-Vehicle-Project/build/main' returned '1': /usr/bin/cmake /home/ece459/ECE459-Vehicle-Project/esp_control -DCMAKE_INSTALL_PREFIX=/home/ece459/ECE459-Vehicle-Project/install/main
[2.561s] DEBUG:colcon.colcon_parallel_executor.executor.parallel:closing loop
[2.563s] DEBUG:colcon.colcon_parallel_executor.executor.parallel:loop closed
[2.563s] DEBUG:colcon.colcon_parallel_executor.executor.parallel:run_until_complete finished with '1'
[2.564s] DEBUG:colcon.colcon_core.event_reactor:joining thread
[2.599s] INFO:colcon.colcon_core.plugin_system:Skipping extension 'colcon_notification.desktop_notification.terminal_notifier': Not used on non-Darwin systems
[2.600s] INFO:colcon.colcon_core.plugin_system:Skipping extension 'colcon_notification.desktop_notification.win32': Not used on non-Windows systems
[2.600s] INFO:colcon.colcon_notification.desktop_notification:Sending desktop notification using 'notify2'
[2.633s] DEBUG:colcon.colcon_notification.desktop_notification.notify2:Failed to initialize notify2: org.freedesktop.DBus.Error.Spawn.ChildExited: Process org.freedesktop.Notifications exited with status 1
[2.634s] DEBUG:colcon.colcon_core.event_reactor:joined thread
[2.636s] INFO:colcon.colcon_core.shell:Creating prefix script '/home/ece459/ECE459-Vehicle-Project/install/local_setup.ps1'
[2.641s] INFO:colcon.colcon_core.shell:Creating prefix util module '/home/ece459/ECE459-Vehicle-Project/install/_local_setup_util_ps1.py'
[2.651s] INFO:colcon.colcon_core.shell:Creating prefix chain script '/home/ece459/ECE459-Vehicle-Project/install/setup.ps1'
[2.656s] INFO:colcon.colcon_core.shell:Creating prefix script '/home/ece459/ECE459-Vehicle-Project/install/local_setup.sh'
[2.659s] INFO:colcon.colcon_core.shell:Creating prefix util module '/home/ece459/ECE459-Vehicle-Project/install/_local_setup_util_sh.py'
[2.661s] INFO:colcon.colcon_core.shell:Creating prefix chain script '/home/ece459/ECE459-Vehicle-Project/install/setup.sh'
[2.667s] INFO:colcon.colcon_core.shell:Creating prefix script '/home/ece459/ECE459-Vehicle-Project/install/local_setup.bash'
[2.669s] INFO:colcon.colcon_core.shell:Creating prefix chain script '/home/ece459/ECE459-Vehicle-Project/install/setup.bash'
[2.674s] INFO:colcon.colcon_core.shell:Creating prefix script '/home/ece459/ECE459-Vehicle-Project/install/local_setup.zsh'
[2.676s] INFO:colcon.colcon_core.shell:Creating prefix chain script '/home/ece459/ECE459-Vehicle-Project/install/setup.zsh'
